\BOOKMARK [1][-]{section.1}{Machine Learning Engineer Nanodegree}{}% 1
\BOOKMARK [2][-]{subsection.1.1}{Model Evaluation \046 Validation}{section.1}% 2
\BOOKMARK [2][-]{subsection.1.2}{Project: Predicting Boston Housing Prices}{section.1}% 3
\BOOKMARK [1][-]{section.2}{Getting Started}{}% 4
\BOOKMARK [1][-]{section.3}{Statistical Analysis and Data Exploration}{}% 5
\BOOKMARK [2][-]{subsection.3.1}{Step 1}{section.3}% 6
\BOOKMARK [2][-]{subsection.3.2}{Question 1}{section.3}% 7
\BOOKMARK [2][-]{subsection.3.3}{Question 2}{section.3}% 8
\BOOKMARK [1][-]{section.4}{Evaluating Model Performance}{}% 9
\BOOKMARK [2][-]{subsection.4.1}{Step 2}{section.4}% 10
\BOOKMARK [2][-]{subsection.4.2}{Question 3}{section.4}% 11
\BOOKMARK [2][-]{subsection.4.3}{Step 3}{section.4}% 12
\BOOKMARK [2][-]{subsection.4.4}{Question 4}{section.4}% 13
\BOOKMARK [2][-]{subsection.4.5}{Step 4 \(Final Step\)}{section.4}% 14
\BOOKMARK [2][-]{subsection.4.6}{Question 5}{section.4}% 15
\BOOKMARK [2][-]{subsection.4.7}{Question 6}{section.4}% 16
\BOOKMARK [1][-]{section.5}{Learning Curves and Model Complexity}{}% 17
\BOOKMARK [1][-]{section.6}{Analyzing Model Performance}{}% 18
\BOOKMARK [2][-]{subsection.6.1}{Question 7}{section.6}% 19
\BOOKMARK [2][-]{subsection.6.2}{Question 8}{section.6}% 20
\BOOKMARK [2][-]{subsection.6.3}{Question 9}{section.6}% 21
\BOOKMARK [1][-]{section.7}{Model Prediction}{}% 22
\BOOKMARK [2][-]{subsection.7.1}{Question 10}{section.7}% 23
\BOOKMARK [2][-]{subsection.7.2}{Question 11}{section.7}% 24
\BOOKMARK [2][-]{subsection.7.3}{Question 12 \(Final Question\):}{section.7}% 25
\BOOKMARK [1][-]{section.8}{References}{}% 26
